Build started 25.10.2014 09:53:43.
     1>Project "C:\Users\Toshiba\documents\visual studio 2010\Projects\SECİM\SECİM\SECİM.vcxproj" on node 2 (rebuild target(s)).
     1>_PrepareForClean:
         Deleting file "Debug\SECİM.lastbuildstate".
       InitializeBuildStatus:
         Creating "Debug\SECİM.unsuccessfulbuild" because "AlwaysCreate" was specified.
       ClCompile:
         C:\Program Files (x86)\Microsoft Visual Studio 10.0\VC\bin\CL.exe /c /ZI /nologo /W3 /WX- /Od /Oy- /D "WIN32" /D _DEBUG /D _CONSOLE /D "_UNICODE" /D "UNICODE" /Gm /EHsc /RTC1 /MDd /GS /fp:precise /Zc:wchar_t /Zc:forScope /Fo"Debug\\" /Fd"Debug\vc100.pdb" /Gd /TP /analyze- /errorReport:prompt secim.cpp
         secim.cpp
     1>c:\users\toshiba\documents\visual studio 2010\projects\secİm\secİm\secim.cpp(9): warning C4996: 'scanf': This function or variable may be unsafe. Consider using scanf_s instead. To disable deprecation, use _CRT_SECURE_NO_WARNINGS. See online help for details.
                 c:\program files (x86)\microsoft visual studio 10.0\vc\include\stdio.h(304) : see declaration of 'scanf'
     1>c:\users\toshiba\documents\visual studio 2010\projects\secİm\secİm\secim.cpp(11): warning C4996: 'scanf': This function or variable may be unsafe. Consider using scanf_s instead. To disable deprecation, use _CRT_SECURE_NO_WARNINGS. See online help for details.
                 c:\program files (x86)\microsoft visual studio 10.0\vc\include\stdio.h(304) : see declaration of 'scanf'
     1>c:\users\toshiba\documents\visual studio 2010\projects\secİm\secİm\secim.cpp(13): warning C4996: 'scanf': This function or variable may be unsafe. Consider using scanf_s instead. To disable deprecation, use _CRT_SECURE_NO_WARNINGS. See online help for details.
                 c:\program files (x86)\microsoft visual studio 10.0\vc\include\stdio.h(304) : see declaration of 'scanf'
       ManifestResourceCompile:
         C:\Program Files (x86)\Microsoft SDKs\Windows\v7.0A\bin\rc.exe /nologo /fo"Debug\SECİM.exe.embed.manifest.res" Debug\SECİM_manifest.rc 
       Link:
         C:\Program Files (x86)\Microsoft Visual Studio 10.0\VC\bin\link.exe /ERRORREPORT:PROMPT /OUT:"C:\Users\Toshiba\documents\visual studio 2010\Projects\SECİM\Debug\SECİM.exe" /INCREMENTAL /NOLOGO kernel32.lib user32.lib gdi32.lib winspool.lib comdlg32.lib advapi32.lib shell32.lib ole32.lib oleaut32.lib uuid.lib odbc32.lib odbccp32.lib /MANIFEST /ManifestFile:"Debug\SECİM.exe.intermediate.manifest" /MANIFESTUAC:"level='asInvoker' uiAccess='false'" /DEBUG /PDB:"C:\Users\Toshiba\documents\visual studio 2010\Projects\SECİM\Debug\SECİM.pdb" /SUBSYSTEM:CONSOLE /TLBID:1 /DYNAMICBASE /NXCOMPAT /IMPLIB:"C:\Users\Toshiba\documents\visual studio 2010\Projects\SECİM\Debug\SECİM.lib" /MACHINE:X86 Debug\SECİM.exe.embed.manifest.res
         Debug\secim.obj
       Manifest:
         Deleting file "Debug\SECİM.exe.embed.manifest".
         C:\Program Files (x86)\Microsoft SDKs\Windows\v7.0A\bin\mt.exe /nologo /verbose /out:"Debug\SECİM.exe.embed.manifest" /manifest Debug\SECİM.exe.intermediate.manifest
         C:\Program Files (x86)\Microsoft SDKs\Windows\v7.0A\bin\rc.exe /nologo /fo"Debug\SECİM.exe.embed.manifest.res" Debug\SECİM_manifest.rc 
       LinkEmbedManifest:
         C:\Program Files (x86)\Microsoft Visual Studio 10.0\VC\bin\link.exe /ERRORREPORT:PROMPT /OUT:"C:\Users\Toshiba\documents\visual studio 2010\Projects\SECİM\Debug\SECİM.exe" /INCREMENTAL /NOLOGO kernel32.lib user32.lib gdi32.lib winspool.lib comdlg32.lib advapi32.lib shell32.lib ole32.lib oleaut32.lib uuid.lib odbc32.lib odbccp32.lib /MANIFEST /ManifestFile:"Debug\SECİM.exe.intermediate.manifest" /MANIFESTUAC:"level='asInvoker' uiAccess='false'" /DEBUG /PDB:"C:\Users\Toshiba\documents\visual studio 2010\Projects\SECİM\Debug\SECİM.pdb" /SUBSYSTEM:CONSOLE /TLBID:1 /DYNAMICBASE /NXCOMPAT /IMPLIB:"C:\Users\Toshiba\documents\visual studio 2010\Projects\SECİM\Debug\SECİM.lib" /MACHINE:X86 Debug\SECİM.exe.embed.manifest.res
         Debug\secim.obj
         SECİM.vcxproj -> C:\Users\Toshiba\documents\visual studio 2010\Projects\SECİM\Debug\SECİM.exe
       FinalizeBuildStatus:
         Deleting file "Debug\SECİM.unsuccessfulbuild".
         Touching "Debug\SECİM.lastbuildstate".
     1>Done Building Project "C:\Users\Toshiba\documents\visual studio 2010\Projects\SECİM\SECİM\SECİM.vcxproj" (rebuild target(s)).

Build succeeded.

Time Elapsed 00:00:01.26
