C:\USERS\TOSHIBA\DOCUMENTS\VISUAL STUDIO 2010\PROJECTS\SECİM\DEBUG\SECİM.EXE
C:\USERS\TOSHIBA\DOCUMENTS\VISUAL STUDIO 2010\PROJECTS\SECİM\DEBUG\SECİM.ILK
C:\USERS\TOSHIBA\DOCUMENTS\VISUAL STUDIO 2010\PROJECTS\SECİM\DEBUG\SECİM.PDB
C:\USERS\TOSHIBA\DOCUMENTS\VISUAL STUDIO 2010\PROJECTS\SECİM\SECİM\DEBUG\SECIM.OBJ
C:\USERS\TOSHIBA\DOCUMENTS\VISUAL STUDIO 2010\PROJECTS\SECİM\SECİM\DEBUG\SECİM.EXE.EMBED.MANIFEST
C:\USERS\TOSHIBA\DOCUMENTS\VISUAL STUDIO 2010\PROJECTS\SECİM\SECİM\DEBUG\SECİM.EXE.EMBED.MANIFEST.RES
C:\USERS\TOSHIBA\DOCUMENTS\VISUAL STUDIO 2010\PROJECTS\SECİM\SECİM\DEBUG\SECİM.EXE.INTERMEDIATE.MANIFEST
C:\USERS\TOSHIBA\DOCUMENTS\VISUAL STUDIO 2010\PROJECTS\SECİM\SECİM\DEBUG\VC100.PDB
C:\Users\Toshiba\documents\visual studio 2010\Projects\SECİM\Debug\SECİM.exe
C:\Users\Toshiba\documents\visual studio 2010\Projects\SECİM\Debug\SECİM.ilk
C:\Users\Toshiba\documents\visual studio 2010\Projects\SECİM\Debug\SECİM.pdb
C:\Users\Toshiba\documents\visual studio 2010\Projects\SECİM\SECİM\Debug\cl.command.1.tlog
C:\Users\Toshiba\documents\visual studio 2010\Projects\SECİM\SECİM\Debug\CL.read.1.tlog
C:\Users\Toshiba\documents\visual studio 2010\Projects\SECİM\SECİM\Debug\CL.write.1.tlog
C:\Users\Toshiba\documents\visual studio 2010\Projects\SECİM\SECİM\Debug\link.5184.read.1.tlog
C:\Users\Toshiba\documents\visual studio 2010\Projects\SECİM\SECİM\Debug\link.5184.write.1.tlog
C:\Users\Toshiba\documents\visual studio 2010\Projects\SECİM\SECİM\Debug\link.5184-cvtres.read.1.tlog
C:\Users\Toshiba\documents\visual studio 2010\Projects\SECİM\SECİM\Debug\link.5184-cvtres.write.1.tlog
C:\Users\Toshiba\documents\visual studio 2010\Projects\SECİM\SECİM\Debug\link.command.1.tlog
C:\Users\Toshiba\documents\visual studio 2010\Projects\SECİM\SECİM\Debug\link.read.1.tlog
C:\Users\Toshiba\documents\visual studio 2010\Projects\SECİM\SECİM\Debug\link.write.1.tlog
C:\Users\Toshiba\documents\visual studio 2010\Projects\SECİM\SECİM\Debug\link-cvtres.read.1.tlog
C:\Users\Toshiba\documents\visual studio 2010\Projects\SECİM\SECİM\Debug\link-cvtres.write.1.tlog
C:\Users\Toshiba\documents\visual studio 2010\Projects\SECİM\SECİM\Debug\mt.command.1.tlog
C:\Users\Toshiba\documents\visual studio 2010\Projects\SECİM\SECİM\Debug\mt.read.1.tlog
C:\Users\Toshiba\documents\visual studio 2010\Projects\SECİM\SECİM\Debug\mt.write.1.tlog
C:\Users\Toshiba\documents\visual studio 2010\Projects\SECİM\SECİM\Debug\rc.command.1.tlog
C:\Users\Toshiba\documents\visual studio 2010\Projects\SECİM\SECİM\Debug\rc.read.1.tlog
C:\Users\Toshiba\documents\visual studio 2010\Projects\SECİM\SECİM\Debug\rc.write.1.tlog
C:\Users\Toshiba\documents\visual studio 2010\Projects\SECİM\SECİM\Debug\SECİM.exe.embed.manifest
C:\Users\Toshiba\documents\visual studio 2010\Projects\SECİM\SECİM\Debug\SECİM.exe.embed.manifest.res
C:\Users\Toshiba\documents\visual studio 2010\Projects\SECİM\SECİM\Debug\SECİM.exe.intermediate.manifest
C:\Users\Toshiba\documents\visual studio 2010\Projects\SECİM\SECİM\Debug\secim.obj
C:\Users\Toshiba\documents\visual studio 2010\Projects\SECİM\SECİM\Debug\SECİM.write.1.tlog
C:\Users\Toshiba\documents\visual studio 2010\Projects\SECİM\SECİM\Debug\SECİM_manifest.rc
C:\Users\Toshiba\documents\visual studio 2010\Projects\SECİM\SECİM\Debug\vc100.idb
C:\Users\Toshiba\documents\visual studio 2010\Projects\SECİM\SECİM\Debug\vc100.pdb
